<?xml version="1.0" encoding="UTF-8"?>
<testsuite name="com.example.algorithm.ch01.MathTest" tests="1" skipped="0" failures="0" errors="0" timestamp="2015-10-11T23:30:18" hostname="WIN-RFDI4T1F2GK" time="27.59">
  <properties/>
  <testcase name="testIsPrime" classname="com.example.algorithm.ch01.MathTest" time="27.59"/>
  <system-out><![CDATA[]]></system-out>
  <system-err><![CDATA[]]></system-err>
</testsuite>
